<?xml version="1.0" encoding="UTF-8"?>
<!-- Generated by org.testng.reporters.JUnitXMLReporter -->
<testsuite ignored="0" hostname="DESKTOP-2G546S3" failures="0" tests="4" name="Test" time="4.233" errors="0" timestamp="2026-06-13T23:49:20 GMT+07:00">
  <testcase classname="day8.CreateUser" name="test_createUser" time="2.719"/>
  <testcase classname="day8.GetUser" name="test_getUser" time="0.51"/>
  <testcase classname="day8.UpdateUser" name="test_updateUser" time="0.527"/>
  <testcase classname="day8.DeleteUser" name="test_deleteUser" time="0.447"/>
</testsuite> <!-- Test -->
