<?xml version="1.0" encoding="UTF-8"?>
<testng-results ignored="0" total="2" passed="2" failed="0" skipped="0">
  <reporter-output>
  </reporter-output>
  <suite started-at="2026-06-02T23:48:03 GMT+07:00" name="Default suite" finished-at="2026-06-02T23:48:04 GMT+07:00" duration-ms="1160">
    <groups>
    </groups>
    <test started-at="2026-06-02T23:48:03 GMT+07:00" name="Default test" finished-at="2026-06-02T23:48:04 GMT+07:00" duration-ms="1160">
      <class name="day5.FileUploadAndDownload">
        <test-method signature="singleFileUpload()[pri:1, instance:day5.FileUploadAndDownload@30ee2816]" started-at="2026-06-02T23:48:03 GMT+07:00" name="singleFileUpload" finished-at="2026-06-02T23:48:04 GMT+07:00" duration-ms="1096" status="PASS">
          <reporter-output>
          </reporter-output>
        </test-method> <!-- singleFileUpload -->
        <test-method signature="fileDownload()[pri:2, instance:day5.FileUploadAndDownload@30ee2816]" started-at="2026-06-02T23:48:04 GMT+07:00" name="fileDownload" finished-at="2026-06-02T23:48:04 GMT+07:00" duration-ms="37" status="PASS">
          <reporter-output>
          </reporter-output>
        </test-method> <!-- fileDownload -->
      </class> <!-- day5.FileUploadAndDownload -->
    </test> <!-- Default test -->
  </suite> <!-- Default suite -->
</testng-results>
