<?xml version="1.0" encoding="UTF-8"?>
<testng-results ignored="0" total="1" passed="1" failed="0" skipped="0">
  <reporter-output>
  </reporter-output>
  <suite started-at="2026-06-04T23:11:58 GMT+07:00" name="Default suite" finished-at="2026-06-04T23:11:58 GMT+07:00" duration-ms="164">
    <groups>
    </groups>
    <test started-at="2026-06-04T23:11:58 GMT+07:00" name="Default test" finished-at="2026-06-04T23:11:58 GMT+07:00" duration-ms="164">
      <class name="day6.SerializationDeserialization">
        <test-method signature="convertJson2Pojo()[pri:0, instance:day6.SerializationDeserialization@50b472aa]" started-at="2026-06-04T23:11:58 GMT+07:00" name="convertJson2Pojo" finished-at="2026-06-04T23:11:58 GMT+07:00" duration-ms="139" status="PASS">
          <reporter-output>
          </reporter-output>
        </test-method> <!-- convertJson2Pojo -->
      </class> <!-- day6.SerializationDeserialization -->
    </test> <!-- Default test -->
  </suite> <!-- Default suite -->
</testng-results>
