<?xml version="1.0" encoding="UTF-8"?>
<!-- Generated by org.testng.reporters.JUnitReportReporter -->
<testsuite hostname="DESKTOP-2G546S3" failures="0" tests="2" name="day5.FileUploadAndDownload" time="1.133" errors="0" timestamp="2026-06-02T23:48:04 GMT+07:00" skipped="0">
  <testcase classname="day5.FileUploadAndDownload" name="singleFileUpload" time="1.096"/>
  <testcase classname="day5.FileUploadAndDownload" name="fileDownload" time="0.037"/>
</testsuite> <!-- day5.FileUploadAndDownload -->
