<?xml version="1.0" encoding="UTF-8"?>
<!-- Generated by org.testng.reporters.JUnitReportReporter -->
<testsuite hostname="DESKTOP-2G546S3" failures="0" tests="4" name="day1.HTTPRequests" time="3.853" errors="0" timestamp="2026-05-24T21:59:34 GMT+07:00" skipped="0">
  <testcase classname="day1.HTTPRequests" name="getUser" time="1.899"/>
  <testcase classname="day1.HTTPRequests" name="createUser" time="0.863"/>
  <testcase classname="day1.HTTPRequests" name="updateUser" time="0.680"/>
  <testcase classname="day1.HTTPRequests" name="deleteUser" time="0.411"/>
</testsuite> <!-- day1.HTTPRequests -->
