<?xml version="1.0" encoding="UTF-8"?>
<!-- Generated by org.testng.reporters.JUnitReportReporter -->
<testsuite hostname="DESKTOP-2G546S3" failures="1" tests="1" name="day6.JSONSchemaValidation" time="1.120" errors="0" timestamp="2026-06-04T22:22:04 GMT+07:00" skipped="0">
  <testcase classname="day6.JSONSchemaValidation" name="jsonschemavalidation" time="1.120">
    <failure message="1 expectation failed.
Response body doesn&#039;t match expectation.
Expected: The content to match the given JSON schema.
error: object has missing required properties ([&quot;store&quot;])
    level: &quot;error&quot;
    schema: {&quot;loadingURI&quot;:&quot;file:/D:/Personal/Learning/API%20Testing/SDET-QA%20API%20Testing/RestAssured/restAssuredTraining/RestAssuredTraining/target/test-classes/storeJsonSchema.json#&quot;,&quot;pointer&quot;:&quot;&quot;}
    instance: {&quot;pointer&quot;:&quot;&quot;}
    domain: &quot;validation&quot;
    keyword: &quot;required&quot;
    required: [&quot;store&quot;]
    missing: [&quot;store&quot;]

  Actual: {
  &quot;book&quot;: [
    {
      &quot;author&quot;: &quot;Nigel Rees&quot;,
      &quot;category&quot;: &quot;reference&quot;,
      &quot;price&quot;: 150.5,
      &quot;title&quot;: &quot;Sayings of the Century&quot;
    },
    {
      &quot;author&quot;: &quot;Evelyn Waugh&quot;,
      &quot;category&quot;: &quot;fiction&quot;,
      &quot;price&quot;: 100,
      &quot;title&quot;: &quot;Sword of Honour&quot;
    },
    {
      &quot;author&quot;: &quot;Herman Melville&quot;,
      &quot;category&quot;: &quot;fiction&quot;,
      &quot;isbn&quot;: &quot;0-553-21311-3&quot;,
      &quot;price&quot;: 75.5,
      &quot;title&quot;: &quot;Moby Dick&quot;
    },
    {
      &quot;author&quot;: &quot;J. R. R. Tolkien&quot;,
      &quot;category&quot;: &quot;fiction&quot;,
      &quot;isbn&quot;: &quot;0-395-19395-8&quot;,
      &quot;price&quot;: 200,
      &quot;title&quot;: &quot;The Lord of the Rings&quot;
    }
  ]
}
" type="java.lang.AssertionError">
      <![CDATA[java.lang.AssertionError: 1 expectation failed.
Response body doesn't match expectation.
Expected: The content to match the given JSON schema.
error: object has missing required properties (["store"])
    level: "error"
    schema: {"loadingURI":"file:/D:/Personal/Learning/API%20Testing/SDET-QA%20API%20Testing/RestAssured/restAssuredTraining/RestAssuredTraining/target/test-classes/storeJsonSchema.json#","pointer":""}
    instance: {"pointer":""}
    domain: "validation"
    keyword: "required"
    required: ["store"]
    missing: ["store"]

  Actual: {
  "book": [
    {
      "author": "Nigel Rees",
      "category": "reference",
      "price": 150.5,
      "title": "Sayings of the Century"
    },
    {
      "author": "Evelyn Waugh",
      "category": "fiction",
      "price": 100,
      "title": "Sword of Honour"
    },
    {
      "author": "Herman Melville",
      "category": "fiction",
      "isbn": "0-553-21311-3",
      "price": 75.5,
      "title": "Moby Dick"
    },
    {
      "author": "J. R. R. Tolkien",
      "category": "fiction",
      "isbn": "0-395-19395-8",
      "price": 200,
      "title": "The Lord of the Rings"
    }
  ]
}

at org.codehaus.groovy.vmplugin.v8.IndyInterface.fromCache(IndyInterface.java:344)
at io.restassured.internal.ResponseSpecificationImpl$HamcrestAssertionClosure.validate(ResponseSpecificationImpl.groovy:516)
at org.codehaus.groovy.vmplugin.v8.IndyInterface.fromCache(IndyInterface.java:344)
at io.restassured.internal.ResponseSpecificationImpl.validateResponseIfRequired(ResponseSpecificationImpl.groovy:714)
at org.codehaus.groovy.vmplugin.v8.IndyInterface.fromCache(IndyInterface.java:344)
at io.restassured.internal.ResponseSpecificationImpl.body(ResponseSpecificationImpl.groovy:111)
at io.restassured.internal.ValidatableResponseOptionsImpl.body(ValidatableResponseOptionsImpl.java:238)
at day6.JSONSchemaValidation.jsonschemavalidation(JSONSchemaValidation.java:25)
at java.base/jdk.internal.reflect.DirectMethodHandleAccessor.invoke(DirectMethodHandleAccessor.java:104)
at java.base/java.lang.reflect.Method.invoke(Method.java:565)
at org.testng.internal.invokers.MethodInvocationHelper.invokeMethod(MethodInvocationHelper.java:141)
at org.testng.internal.invokers.TestInvoker.invokeMethod(TestInvoker.java:697)
at org.testng.internal.invokers.TestInvoker.invokeTestMethod(TestInvoker.java:230)
at org.testng.internal.invokers.MethodRunner.runInSequence(MethodRunner.java:63)
at org.testng.internal.invokers.TestInvoker$MethodInvocationAgent.invoke(TestInvoker.java:1005)
at org.testng.internal.invokers.TestInvoker.invokeTestMethods(TestInvoker.java:203)
at org.testng.internal.invokers.TestMethodWorker.invokeTestMethods(TestMethodWorker.java:154)
at org.testng.internal.invokers.TestMethodWorker.run(TestMethodWorker.java:134)
at java.base/java.util.ArrayList.forEach(ArrayList.java:1604)
at org.testng.TestRunner.privateRun(TestRunner.java:744)
at org.testng.TestRunner.run(TestRunner.java:616)
at org.testng.SuiteRunner.runTest(SuiteRunner.java:421)
at org.testng.SuiteRunner.runSequentially(SuiteRunner.java:413)
at org.testng.SuiteRunner.privateRun(SuiteRunner.java:373)
at org.testng.SuiteRunner.run(SuiteRunner.java:312)
at org.testng.SuiteRunnerWorker.runSuite(SuiteRunnerWorker.java:52)
at org.testng.SuiteRunnerWorker.run(SuiteRunnerWorker.java:95)
at org.testng.TestNG.runSuitesSequentially(TestNG.java:1274)
at org.testng.TestNG.runSuitesLocally(TestNG.java:1208)
at org.testng.TestNG.runSuites(TestNG.java:1112)
at org.testng.TestNG.run(TestNG.java:1079)
at org.testng.remote.AbstractRemoteTestNG.run(AbstractRemoteTestNG.java:115)
at org.testng.remote.RemoteTestNG.initAndRun(RemoteTestNG.java:293)
at org.testng.remote.RemoteTestNG.main(RemoteTestNG.java:91)
]]>
    </failure>
  </testcase> <!-- jsonschemavalidation -->
</testsuite> <!-- day6.JSONSchemaValidation -->
